<?xml version="1.0" encoding="UTF-8"?>
<coverage generated="1651500141725" clover="3.2.0">
  <project timestamp="1651500141725" name="All files">
    <metrics statements="223" coveredstatements="217" conditionals="94" coveredconditionals="80" methods="63" coveredmethods="56" elements="380" coveredelements="353" complexity="0" loc="223" ncloc="223" packages="3" files="16" classes="16"/>
    <package name="constants">
      <metrics statements="8" coveredstatements="8" conditionals="5" coveredconditionals="5" methods="1" coveredmethods="1"/>
      <file name="routes.js" path="C:\Users\XmO-\Desktop\codage\OPENCLASSROOMS\bill-app\Billed-app-FR-Front\src\constants\routes.js">
        <metrics statements="8" coveredstatements="8" conditionals="5" coveredconditionals="5" methods="1" coveredmethods="1"/>
        <line num="6" count="6" type="stmt"/>
        <line num="13" count="6" type="stmt"/>
        <line num="14" count="42" type="cond" truecount="5" falsecount="0"/>
        <line num="16" count="11" type="stmt"/>
        <line num="18" count="14" type="stmt"/>
        <line num="20" count="4" type="stmt"/>
        <line num="22" count="12" type="stmt"/>
        <line num="24" count="1" type="stmt"/>
      </file>
      <file name="usersTest.js" path="C:\Users\XmO-\Desktop\codage\OPENCLASSROOMS\bill-app\Billed-app-FR-Front\src\constants\usersTest.js">
        <metrics statements="0" coveredstatements="0" conditionals="0" coveredconditionals="0" methods="0" coveredmethods="0"/>
      </file>
    </package>
    <package name="containers">
      <metrics statements="179" coveredstatements="173" conditionals="47" coveredconditionals="38" methods="46" coveredmethods="39"/>
      <file name="Bills.js" path="C:\Users\XmO-\Desktop\codage\OPENCLASSROOMS\bill-app\Billed-app-FR-Front\src\containers\Bills.js">
        <metrics statements="28" coveredstatements="27" conditionals="8" coveredconditionals="5" methods="8" coveredmethods="8"/>
        <line num="7" count="14" type="stmt"/>
        <line num="8" count="14" type="stmt"/>
        <line num="9" count="14" type="stmt"/>
        <line num="10" count="14" type="stmt"/>
        <line num="11" count="14" type="cond" truecount="2" falsecount="0"/>
        <line num="12" count="14" type="stmt"/>
        <line num="13" count="14" type="cond" truecount="1" falsecount="1"/>
        <line num="14" count="68" type="stmt"/>
        <line num="16" count="14" type="stmt"/>
        <line num="19" count="14" type="stmt"/>
        <line num="20" count="2" type="stmt"/>
        <line num="23" count="14" type="stmt"/>
        <line num="24" count="1" type="stmt"/>
        <line num="25" count="1" type="stmt"/>
        <line num="26" count="1" type="stmt"/>
        <line num="27" count="1" type="stmt"/>
        <line num="31" count="14" type="stmt"/>
        <line num="32" count="7" type="cond" truecount="1" falsecount="1"/>
        <line num="33" count="7" type="stmt"/>
        <line num="37" count="5" type="stmt"/>
        <line num="38" count="20" type="stmt"/>
        <line num="39" count="20" type="cond" truecount="1" falsecount="1"/>
        <line num="40" count="0" type="stmt"/>
        <line num="43" count="20" type="stmt"/>
        <line num="52" count="20" type="stmt"/>
        <line num="53" count="20" type="stmt"/>
        <line num="60" count="5" type="stmt"/>
        <line num="61" count="5" type="stmt"/>
      </file>
      <file name="Dashboard.js" path="C:\Users\XmO-\Desktop\codage\OPENCLASSROOMS\bill-app\Billed-app-FR-Front\src\containers\Dashboard.js">
        <metrics statements="73" coveredstatements="70" conditionals="35" coveredconditionals="29" methods="24" coveredmethods="19"/>
        <line num="8" count="6" type="stmt"/>
        <line num="9" count="44" type="cond" truecount="4" falsecount="0"/>
        <line num="14" count="104" type="cond" truecount="1" falsecount="1"/>
        <line num="15" count="104" type="stmt"/>
        <line num="26" count="104" type="stmt"/>
        <line num="30" count="6" type="stmt"/>
        <line num="31" count="6" type="stmt"/>
        <line num="32" count="6" type="cond" truecount="1" falsecount="1"/>
        <line num="34" count="6" type="cond" truecount="1" falsecount="1"/>
        <line num="37" count="6" type="stmt"/>
        <line num="55" count="6" type="stmt"/>
        <line num="56" count="6" type="cond" truecount="4" falsecount="0"/>
        <line num="59" count="6" type="stmt"/>
        <line num="60" count="5" type="cond" truecount="3" falsecount="0"/>
        <line num="62" count="3" type="stmt"/>
        <line num="64" count="1" type="stmt"/>
        <line num="66" count="1" type="stmt"/>
        <line num="72" count="14" type="stmt"/>
        <line num="73" count="14" type="stmt"/>
        <line num="74" count="14" type="stmt"/>
        <line num="75" count="14" type="stmt"/>
        <line num="76" count="14" type="stmt"/>
        <line num="77" count="14" type="stmt"/>
        <line num="78" count="14" type="stmt"/>
        <line num="81" count="14" type="stmt"/>
        <line num="82" count="1" type="stmt"/>
        <line num="83" count="1" type="stmt"/>
        <line num="84" count="1" type="stmt"/>
        <line num="85" count="1" type="cond" truecount="1" falsecount="1"/>
        <line num="90" count="3" type="cond" truecount="4" falsecount="0"/>
        <line num="91" count="3" type="cond" truecount="4" falsecount="0"/>
        <line num="92" count="3" type="cond" truecount="2" falsecount="0"/>
        <line num="93" count="2" type="stmt"/>
        <line num="94" count="8" type="stmt"/>
        <line num="96" count="2" type="stmt"/>
        <line num="97" count="2" type="stmt"/>
        <line num="98" count="2" type="stmt"/>
        <line num="99" count="2" type="stmt"/>
        <line num="101" count="1" type="stmt"/>
        <line num="103" count="1" type="stmt"/>
        <line num="106" count="1" type="stmt"/>
        <line num="107" count="1" type="stmt"/>
        <line num="109" count="3" type="stmt"/>
        <line num="110" count="3" type="stmt"/>
        <line num="111" count="3" type="stmt"/>
        <line num="114" count="14" type="stmt"/>
        <line num="115" count="1" type="stmt"/>
        <line num="120" count="1" type="stmt"/>
        <line num="121" count="1" type="stmt"/>
        <line num="124" count="14" type="stmt"/>
        <line num="125" count="1" type="stmt"/>
        <line num="130" count="1" type="stmt"/>
        <line num="131" count="1" type="stmt"/>
        <line num="135" count="5" type="stmt"/>
        <line num="136" count="5" type="cond" truecount="1" falsecount="1"/>
        <line num="137" count="5" type="stmt"/>
        <line num="138" count="5" type="stmt"/>
        <line num="139" count="5" type="stmt"/>
        <line num="142" count="0" type="stmt"/>
        <line num="143" count="0" type="stmt"/>
        <line num="144" count="0" type="stmt"/>
        <line num="149" count="5" type="stmt"/>
        <line num="150" count="20" type="cond" truecount="2" falsecount="0"/>
        <line num="151" count="17" type="stmt"/>
        <line num="152" count="17" type="stmt"/>
        <line num="156" count="5" type="stmt"/>
        <line num="160" count="14" type="stmt"/>
        <line num="161" count="5" type="cond" truecount="1" falsecount="1"/>
        <line num="162" count="5" type="stmt"/>
        <line num="166" count="3" type="stmt"/>
        <line num="167" count="12" type="stmt"/>
        <line num="173" count="3" type="stmt"/>
        <line num="176" count="2" type="stmt"/>
      </file>
      <file name="Login.js" path="C:\Users\XmO-\Desktop\codage\OPENCLASSROOMS\bill-app\Billed-app-FR-Front\src\containers\Login.js">
        <metrics statements="30" coveredstatements="28" conditionals="0" coveredconditionals="0" methods="7" coveredmethods="5"/>
        <line num="2" count="4" type="stmt"/>
        <line num="7" count="5" type="stmt"/>
        <line num="8" count="5" type="stmt"/>
        <line num="9" count="5" type="stmt"/>
        <line num="10" count="5" type="stmt"/>
        <line num="11" count="5" type="stmt"/>
        <line num="12" count="5" type="stmt"/>
        <line num="13" count="5" type="stmt"/>
        <line num="14" count="5" type="stmt"/>
        <line num="15" count="5" type="stmt"/>
        <line num="17" count="5" type="stmt"/>
        <line num="18" count="2" type="stmt"/>
        <line num="19" count="2" type="stmt"/>
        <line num="25" count="2" type="stmt"/>
        <line num="26" count="2" type="stmt"/>
        <line num="28" count="0" type="stmt"/>
        <line num="31" count="2" type="stmt"/>
        <line num="32" count="2" type="stmt"/>
        <line num="33" count="2" type="stmt"/>
        <line num="34" count="2" type="stmt"/>
        <line num="38" count="5" type="stmt"/>
        <line num="39" count="2" type="stmt"/>
        <line num="40" count="2" type="stmt"/>
        <line num="46" count="2" type="stmt"/>
        <line num="47" count="2" type="stmt"/>
        <line num="49" count="0" type="stmt"/>
        <line num="52" count="2" type="stmt"/>
        <line num="53" count="2" type="stmt"/>
        <line num="54" count="2" type="stmt"/>
        <line num="55" count="2" type="stmt"/>
      </file>
      <file name="Logout.js" path="C:\Users\XmO-\Desktop\codage\OPENCLASSROOMS\bill-app\Billed-app-FR-Front\src\containers\Logout.js">
        <metrics statements="7" coveredstatements="7" conditionals="0" coveredconditionals="0" methods="2" coveredmethods="2"/>
        <line num="5" count="35" type="stmt"/>
        <line num="6" count="35" type="stmt"/>
        <line num="7" count="35" type="stmt"/>
        <line num="8" count="35" type="stmt"/>
        <line num="11" count="35" type="stmt"/>
        <line num="12" count="2" type="stmt"/>
        <line num="13" count="2" type="stmt"/>
      </file>
      <file name="NewBill.js" path="C:\Users\XmO-\Desktop\codage\OPENCLASSROOMS\bill-app\Billed-app-FR-Front\src\containers\NewBill.js">
        <metrics statements="41" coveredstatements="41" conditionals="4" coveredconditionals="4" methods="5" coveredmethods="5"/>
        <line num="6" count="6" type="stmt"/>
        <line num="7" count="6" type="stmt"/>
        <line num="8" count="6" type="stmt"/>
        <line num="9" count="6" type="stmt"/>
        <line num="12" count="6" type="stmt"/>
        <line num="13" count="6" type="stmt"/>
        <line num="14" count="6" type="stmt"/>
        <line num="15" count="6" type="stmt"/>
        <line num="16" count="6" type="stmt"/>
        <line num="17" count="6" type="stmt"/>
        <line num="18" count="6" type="stmt"/>
        <line num="20" count="6" type="stmt"/>
        <line num="21" count="6" type="stmt"/>
        <line num="22" count="6" type="stmt"/>
        <line num="23" count="6" type="stmt"/>
        <line num="24" count="6" type="stmt"/>
        <line num="25" count="6" type="stmt"/>
        <line num="26" count="6" type="stmt"/>
        <line num="28" count="6" type="cond" truecount="2" falsecount="0"/>
        <line num="29" count="4" type="stmt"/>
        <line num="30" count="4" type="stmt"/>
        <line num="32" count="4" type="stmt"/>
        <line num="33" count="4" type="stmt"/>
        <line num="34" count="4" type="stmt"/>
        <line num="35" count="4" type="stmt"/>
        <line num="37" count="4" type="stmt"/>
        <line num="46" count="2" type="stmt"/>
        <line num="47" count="2" type="stmt"/>
        <line num="48" count="2" type="stmt"/>
        <line num="49" count="2" type="stmt"/>
        <line num="51" count="2" type="stmt"/>
        <line num="53" count="2" type="stmt"/>
        <line num="54" count="2" type="stmt"/>
        <line num="55" count="2" type="stmt"/>
        <line num="58" count="6" type="stmt"/>
        <line num="59" count="2" type="stmt"/>
        <line num="61" count="2" type="stmt"/>
        <line num="65" count="2" type="stmt"/>
        <line num="66" count="2" type="stmt"/>
        <line num="79" count="2" type="stmt"/>
        <line num="80" count="2" type="stmt"/>
      </file>
    </package>
    <package name="views">
      <metrics statements="36" coveredstatements="36" conditionals="42" coveredconditionals="37" methods="16" coveredmethods="16"/>
      <file name="Actions.js" path="C:\Users\XmO-\Desktop\codage\OPENCLASSROOMS\bill-app\Billed-app-FR-Front\src\views\Actions.js">
        <metrics statements="1" coveredstatements="1" conditionals="0" coveredconditionals="0" methods="1" coveredmethods="1"/>
        <line num="5" count="42" type="stmt"/>
      </file>
      <file name="BillsUI.js" path="C:\Users\XmO-\Desktop\codage\OPENCLASSROOMS\bill-app\Billed-app-FR-Front\src\views\BillsUI.js">
        <metrics statements="18" coveredstatements="18" conditionals="20" coveredconditionals="15" methods="7" coveredmethods="7"/>
        <line num="7" count="6" type="stmt"/>
        <line num="8" count="40" type="stmt"/>
        <line num="22" count="6" type="stmt"/>
        <line num="23" count="13" type="cond" truecount="4" falsecount="0"/>
        <line num="24" count="10" type="stmt"/>
        <line num="25" count="40" type="stmt"/>
        <line num="27" count="3" type="stmt"/>
        <line num="31" count="40" type="cond" truecount="1" falsecount="1"/>
        <line num="33" count="6" type="stmt"/>
        <line num="34" count="60" type="cond" truecount="1" falsecount="1"/>
        <line num="35" count="60" type="cond" truecount="1" falsecount="1"/>
        <line num="37" count="60" type="cond" truecount="3" falsecount="1"/>
        <line num="41" count="24" type="stmt"/>
        <line num="58" count="24" type="cond" truecount="2" falsecount="0"/>
        <line num="59" count="8" type="stmt"/>
        <line num="60" count="16" type="cond" truecount="2" falsecount="0"/>
        <line num="61" count="3" type="stmt"/>
        <line num="64" count="13" type="stmt"/>
      </file>
      <file name="DashboardFormUI.js" path="C:\Users\XmO-\Desktop\codage\OPENCLASSROOMS\bill-app\Billed-app-FR-Front\src\views\DashboardFormUI.js">
        <metrics statements="2" coveredstatements="2" conditionals="4" coveredconditionals="4" methods="2" coveredmethods="2"/>
        <line num="7" count="9" type="stmt"/>
        <line num="26" count="9" type="stmt"/>
      </file>
      <file name="DashboardUI.js" path="C:\Users\XmO-\Desktop\codage\OPENCLASSROOMS\bill-app\Billed-app-FR-Front\src\views\DashboardUI.js">
        <metrics statements="5" coveredstatements="5" conditionals="10" coveredconditionals="10" methods="1" coveredmethods="1"/>
        <line num="10" count="21" type="cond" truecount="2" falsecount="0"/>
        <line num="11" count="6" type="stmt"/>
        <line num="12" count="15" type="cond" truecount="2" falsecount="0"/>
        <line num="13" count="3" type="stmt"/>
        <line num="16" count="12" type="stmt"/>
      </file>
      <file name="ErrorPage.js" path="C:\Users\XmO-\Desktop\codage\OPENCLASSROOMS\bill-app\Billed-app-FR-Front\src\views\ErrorPage.js">
        <metrics statements="1" coveredstatements="1" conditionals="2" coveredconditionals="2" methods="1" coveredmethods="1"/>
        <line num="4" count="8" type="stmt"/>
      </file>
      <file name="LoadingPage.js" path="C:\Users\XmO-\Desktop\codage\OPENCLASSROOMS\bill-app\Billed-app-FR-Front\src\views\LoadingPage.js">
        <metrics statements="1" coveredstatements="1" conditionals="0" coveredconditionals="0" methods="1" coveredmethods="1"/>
        <line num="5" count="15" type="stmt"/>
      </file>
      <file name="LoginUI.js" path="C:\Users\XmO-\Desktop\codage\OPENCLASSROOMS\bill-app\Billed-app-FR-Front\src\views\LoginUI.js">
        <metrics statements="1" coveredstatements="1" conditionals="0" coveredconditionals="0" methods="1" coveredmethods="1"/>
        <line num="4" count="18" type="stmt"/>
      </file>
      <file name="NewBillUI.js" path="C:\Users\XmO-\Desktop\codage\OPENCLASSROOMS\bill-app\Billed-app-FR-Front\src\views\NewBillUI.js">
        <metrics statements="1" coveredstatements="1" conditionals="0" coveredconditionals="0" methods="1" coveredmethods="1"/>
        <line num="5" count="10" type="stmt"/>
      </file>
      <file name="VerticalLayout.js" path="C:\Users\XmO-\Desktop\codage\OPENCLASSROOMS\bill-app\Billed-app-FR-Front\src\views\VerticalLayout.js">
        <metrics statements="6" coveredstatements="6" conditionals="6" coveredconditionals="6" methods="1" coveredmethods="1"/>
        <line num="7" count="59" type="stmt"/>
        <line num="8" count="59" type="cond" truecount="2" falsecount="0"/>
        <line num="9" count="47" type="stmt"/>
        <line num="11" count="59" type="cond" truecount="4" falsecount="0"/>
        <line num="12" count="31" type="stmt"/>
        <line num="29" count="28" type="stmt"/>
      </file>
    </package>
  </project>
</coverage>
