TN:
SF:src\constants\routes.js
FN:13,(anonymous_0)
FNF:1
FNH:1
FNDA:42,(anonymous_0)
DA:6,6
DA:13,6
DA:14,42
DA:16,11
DA:18,14
DA:20,4
DA:22,12
DA:24,1
LF:8
LH:8
BRDA:14,0,0,11
BRDA:14,0,1,14
BRDA:14,0,2,4
BRDA:14,0,3,12
BRDA:14,0,4,1
BRF:5
BRH:5
end_of_record
TN:
SF:src\constants\usersTest.js
FNF:0
FNH:0
LF:0
LH:0
BRF:0
BRH:0
end_of_record
TN:
SF:src\containers\Bills.js
FN:10,(anonymous_0)
FN:22,(anonymous_1)
FN:23,(anonymous_2)
FN:32,(anonymous_3)
FN:36,(anonymous_4)
FN:44,(anonymous_5)
FN:49,(anonymous_6)
FN:50,(anonymous_7)
FNF:8
FNH:8
FNDA:14,(anonymous_0)
FNDA:68,(anonymous_1)
FNDA:1,(anonymous_2)
FNDA:2,(anonymous_3)
FNDA:1,(anonymous_4)
FNDA:7,(anonymous_5)
FNDA:5,(anonymous_6)
FNDA:20,(anonymous_7)
DA:16,14
DA:17,14
DA:18,14
DA:19,14
DA:20,14
DA:21,14
DA:22,14
DA:23,68
DA:25,14
DA:32,14
DA:33,2
DA:36,14
DA:37,1
DA:38,1
DA:39,1
DA:40,1
DA:44,14
DA:45,7
DA:46,7
DA:50,5
DA:51,20
DA:52,20
DA:53,0
DA:56,20
DA:65,20
DA:66,20
DA:73,5
DA:74,5
LF:28
LH:27
BRDA:20,0,0,13
BRDA:20,0,1,1
BRDA:22,1,0,14
BRDA:22,1,1,0
BRDA:45,2,0,7
BRDA:45,2,1,0
BRDA:52,3,0,0
BRDA:52,3,1,20
BRF:8
BRH:5
end_of_record
TN:
SF:src\containers\Dashboard.js
FN:8,(anonymous_0)
FN:10,(anonymous_1)
FN:30,(anonymous_2)
FN:55,(anonymous_3)
FN:56,(anonymous_4)
FN:59,(anonymous_5)
FN:71,(anonymous_6)
FN:75,(anonymous_7)
FN:76,(anonymous_8)
FN:77,(anonymous_9)
FN:81,(anonymous_10)
FN:88,(anonymous_11)
FN:93,(anonymous_12)
FN:110,(anonymous_13)
FN:111,(anonymous_14)
FN:114,(anonymous_15)
FN:124,(anonymous_16)
FN:134,(anonymous_17)
FN:149,(anonymous_18)
FN:150,(anonymous_19)
FN:156,(anonymous_20)
FN:166,(anonymous_21)
FN:171,(anonymous_22)
FN:173,(anonymous_23)
FN:181,(anonymous_24)
FNF:25
FNH:19
FNDA:49,(anonymous_0)
FNDA:124,(anonymous_1)
FNDA:6,(anonymous_2)
FNDA:6,(anonymous_3)
FNDA:6,(anonymous_4)
FNDA:10,(anonymous_5)
FNDA:14,(anonymous_6)
FNDA:0,(anonymous_7)
FNDA:0,(anonymous_8)
FNDA:0,(anonymous_9)
FNDA:1,(anonymous_10)
FNDA:3,(anonymous_11)
FNDA:8,(anonymous_12)
FNDA:0,(anonymous_13)
FNDA:0,(anonymous_14)
FNDA:1,(anonymous_15)
FNDA:1,(anonymous_16)
FNDA:5,(anonymous_17)
FNDA:6,(anonymous_18)
FNDA:3,(anonymous_19)
FNDA:0,(anonymous_20)
FNDA:5,(anonymous_21)
FNDA:3,(anonymous_22)
FNDA:12,(anonymous_23)
FNDA:2,(anonymous_24)
DA:8,6
DA:9,49
DA:14,124
DA:15,124
DA:26,124
DA:30,6
DA:31,6
DA:32,6
DA:34,6
DA:37,6
DA:55,6
DA:56,6
DA:59,6
DA:60,10
DA:62,6
DA:64,2
DA:66,2
DA:72,14
DA:73,14
DA:74,14
DA:75,14
DA:76,14
DA:77,14
DA:78,14
DA:81,14
DA:82,1
DA:83,1
DA:84,1
DA:85,1
DA:90,3
DA:91,3
DA:92,3
DA:93,2
DA:94,8
DA:96,2
DA:97,2
DA:98,2
DA:99,2
DA:101,1
DA:103,1
DA:106,1
DA:107,1
DA:109,3
DA:110,3
DA:111,3
DA:114,14
DA:115,1
DA:120,1
DA:121,1
DA:124,14
DA:125,1
DA:130,1
DA:131,1
DA:138,5
DA:139,5
DA:141,5
DA:144,5
DA:145,5
DA:146,5
DA:149,5
DA:150,6
DA:151,3
DA:155,0
DA:156,0
DA:157,0
DA:159,0
DA:162,5
DA:166,14
DA:167,5
DA:168,5
DA:172,3
DA:173,12
DA:179,3
DA:182,2
LF:74
LH:70
BRDA:9,0,0,31
BRDA:9,0,1,18
BRDA:9,1,0,49
BRDA:9,1,1,31
BRDA:14,2,0,124
BRDA:14,2,1,0
BRDA:32,3,0,0
BRDA:32,3,1,6
BRDA:34,4,0,0
BRDA:34,4,1,6
BRDA:56,5,0,5
BRDA:56,5,1,1
BRDA:56,6,0,6
BRDA:56,6,1,6
BRDA:60,7,0,6
BRDA:60,7,1,2
BRDA:60,7,2,2
BRDA:85,8,0,0
BRDA:85,8,1,1
BRDA:90,9,0,2
BRDA:90,9,1,1
BRDA:90,10,0,3
BRDA:90,10,1,1
BRDA:91,11,0,2
BRDA:91,11,1,1
BRDA:91,12,0,3
BRDA:91,12,1,1
BRDA:92,13,0,2
BRDA:92,13,1,1
BRDA:138,14,0,5
BRDA:138,14,1,0
BRDA:138,15,0,5
BRDA:138,15,1,2
BRDA:141,16,0,5
BRDA:141,16,1,0
BRDA:144,17,0,5
BRDA:144,17,1,0
BRDA:167,18,0,5
BRDA:167,18,1,0
BRF:39
BRH:31
end_of_record
TN:
SF:src\containers\Login.js
FN:6,(anonymous_0)
FN:17,(anonymous_1)
FN:28,(anonymous_2)
FN:30,(anonymous_3)
FN:39,(anonymous_4)
FN:50,(anonymous_5)
FN:52,(anonymous_6)
FNF:7
FNH:5
FNDA:5,(anonymous_0)
FNDA:2,(anonymous_1)
FNDA:0,(anonymous_2)
FNDA:2,(anonymous_3)
FNDA:2,(anonymous_4)
FNDA:0,(anonymous_5)
FNDA:2,(anonymous_6)
DA:2,4
DA:7,5
DA:8,5
DA:9,5
DA:10,5
DA:11,5
DA:12,5
DA:13,5
DA:14,5
DA:15,5
DA:17,5
DA:18,2
DA:19,2
DA:25,2
DA:26,2
DA:28,0
DA:31,2
DA:32,2
DA:33,2
DA:34,2
DA:39,5
DA:40,2
DA:41,2
DA:47,2
DA:48,2
DA:50,0
DA:53,2
DA:54,2
DA:55,2
DA:56,2
LF:30
LH:28
BRF:0
BRH:0
end_of_record
TN:
SF:src\containers\Logout.js
FN:4,(anonymous_0)
FN:11,(anonymous_1)
FNF:2
FNH:2
FNDA:35,(anonymous_0)
FNDA:2,(anonymous_1)
DA:5,35
DA:6,35
DA:7,35
DA:8,35
DA:11,35
DA:12,2
DA:13,2
LF:7
LH:7
BRF:0
BRH:0
end_of_record
TN:
SF:src\containers\NewBill.js
FN:5,(anonymous_0)
FN:20,(anonymous_1)
FN:47,(anonymous_2)
FN:53,(anonymous_3)
FN:60,(anonymous_4)
FNF:5
FNH:5
FNDA:6,(anonymous_0)
FNDA:6,(anonymous_1)
FNDA:2,(anonymous_2)
FNDA:2,(anonymous_3)
FNDA:2,(anonymous_4)
DA:6,6
DA:7,6
DA:8,6
DA:9,6
DA:12,6
DA:13,6
DA:14,6
DA:15,6
DA:16,6
DA:17,6
DA:18,6
DA:20,6
DA:21,6
DA:22,6
DA:23,6
DA:24,6
DA:25,6
DA:26,6
DA:30,6
DA:31,4
DA:32,4
DA:34,4
DA:35,4
DA:36,4
DA:37,4
DA:39,4
DA:48,2
DA:49,2
DA:50,2
DA:51,2
DA:53,2
DA:55,2
DA:56,2
DA:57,2
DA:60,6
DA:61,2
DA:63,2
DA:67,2
DA:68,2
DA:81,2
DA:82,2
LF:41
LH:41
BRDA:30,0,0,4
BRDA:30,0,1,2
BRDA:75,1,0,2
BRDA:75,1,1,2
BRF:4
BRH:4
end_of_record
TN:
SF:src\views\Actions.js
FN:4,(anonymous_0)
FNF:1
FNH:1
FNDA:42,(anonymous_0)
DA:5,42
LF:1
LH:1
BRF:0
BRH:0
end_of_record
TN:
SF:src\views\BillsUI.js
FN:7,(anonymous_0)
FN:22,(anonymous_1)
FN:26,(anonymous_2)
FN:30,(anonymous_3)
FN:34,(anonymous_4)
FN:35,(anonymous_5)
FNF:6
FNH:6
FNDA:40,(anonymous_0)
FNDA:13,(anonymous_1)
FNDA:51,(anonymous_2)
FNDA:40,(anonymous_3)
FNDA:24,(anonymous_4)
FNDA:13,(anonymous_5)
DA:7,6
DA:8,40
DA:22,6
DA:25,13
DA:26,51
DA:29,13
DA:30,40
DA:35,24
DA:52,24
DA:53,8
DA:54,16
DA:55,3
DA:58,13
LF:13
LH:13
BRDA:12,0,0,0
BRDA:12,0,1,40
BRDA:25,1,0,10
BRDA:25,1,1,3
BRDA:25,2,0,13
BRDA:25,2,1,11
BRDA:29,3,0,10
BRDA:29,3,1,3
BRDA:29,4,0,13
BRDA:29,4,1,11
BRDA:52,5,0,8
BRDA:52,5,1,16
BRDA:54,6,0,3
BRDA:54,6,1,13
BRF:14
BRH:13
end_of_record
TN:
SF:src\views\DashboardFormUI.js
FN:7,(anonymous_0)
FN:24,(anonymous_1)
FNF:2
FNH:2
FNDA:9,(anonymous_0)
FNDA:9,(anonymous_1)
DA:7,9
DA:26,9
LF:2
LH:2
BRDA:79,0,0,6
BRDA:79,0,1,3
BRDA:92,1,0,6
BRDA:92,1,1,3
BRF:4
BRH:4
end_of_record
TN:
SF:src\views\DashboardUI.js
FN:8,(anonymous_0)
FNF:1
FNH:1
FNDA:21,(anonymous_0)
DA:10,21
DA:11,6
DA:12,15
DA:13,3
DA:16,12
LF:5
LH:5
BRDA:10,0,0,6
BRDA:10,0,1,15
BRDA:12,1,0,3
BRDA:12,1,1,12
BRDA:22,2,0,12
BRDA:22,2,1,7
BRDA:29,3,0,12
BRDA:29,3,1,7
BRDA:36,4,0,12
BRDA:36,4,1,7
BRF:10
BRH:10
end_of_record
TN:
SF:src\views\ErrorPage.js
FN:3,(anonymous_0)
FNF:1
FNH:1
FNDA:8,(anonymous_0)
DA:4,8
LF:1
LH:1
BRDA:12,0,0,7
BRDA:12,0,1,1
BRF:2
BRH:2
end_of_record
TN:
SF:src\views\LoadingPage.js
FN:3,(anonymous_0)
FNF:1
FNH:1
FNDA:15,(anonymous_0)
DA:5,15
LF:1
LH:1
BRF:0
BRH:0
end_of_record
TN:
SF:src\views\LoginUI.js
FN:2,(anonymous_0)
FNF:1
FNH:1
FNDA:18,(anonymous_0)
DA:4,18
LF:1
LH:1
BRF:0
BRH:0
end_of_record
TN:
SF:src\views\NewBillUI.js
FN:3,(anonymous_0)
FNF:1
FNH:1
FNDA:10,(anonymous_0)
DA:5,10
LF:1
LH:1
BRF:0
BRH:0
end_of_record
TN:
SF:src\views\VerticalLayout.js
FN:5,(anonymous_0)
FNF:1
FNH:1
FNDA:59,(anonymous_0)
DA:7,59
DA:8,59
DA:9,47
DA:11,59
DA:12,31
DA:29,28
LF:6
LH:6
BRDA:8,0,0,47
BRDA:8,0,1,12
BRDA:11,1,0,31
BRDA:11,1,1,28
BRDA:11,2,0,59
BRDA:11,2,1,47
BRF:6
BRH:6
end_of_record
